# JRE version: Java(TM) SE Runtime Environment (7.0_45-b18) (build 1.7.0_45-b18)
# Java VM: Java HotSpot(TM) Client VM (24.45-b08 mixed mode windows-x86 )
Heap
 def new generation   total 39424K, used 29520K [0x04220000, 0x06ce0000, 0x19770000)
  eden space 35072K,  72% used [0x04220000, 0x05b12438, 0x06460000)
  from space 4352K,  91% used [0x068a0000, 0x06c81e18, 0x06ce0000)
  to   space 4352K,   0% used [0x06460000, 0x06460000, 0x068a0000)
 tenured generation   total 87424K, used 62392K [0x19770000, 0x1ecd0000, 0x44220000)
   the space 87424K,  71% used [0x19770000, 0x1d45e360, 0x1d45e400, 0x1ecd0000)
 compacting perm gen  total 44288K, used 44041K [0x44220000, 0x46d60000, 0x54220000)
   the space 44288K,  99% used [0x44220000, 0x46d22690, 0x46d22800, 0x46d60000)
GC Heap History (10 events):
Event: 12.951 GC heap before
{Heap before GC invocations=12 (full 7):
 def new generation   total 39424K, used 38966K [0x04220000, 0x06ce0000, 0x19770000)
  eden space 35072K, 100% used [0x04220000, 0x06460000, 0x06460000)
  from space 4352K,  89% used [0x06460000, 0x0682da28, 0x068a0000)
  to   space 4352K,   0% used [0x068a0000, 0x068a0000, 0x06ce0000)
 tenured generation   total 87424K, used 43633K [0x19770000, 0x1ecd0000, 0x44220000)
   the space 87424K,  49% used [0x19770000, 0x1c20c670, 0x1c20c800, 0x1ecd0000)
 compacting perm gen  total 41984K, used 41767K [0x44220000, 0x46b20000, 0x54220000)
   the space 41984K,  99% used [0x44220000, 0x46ae9d90, 0x46ae9e00, 0x46b20000)
No shared spaces configured.
Event: 12.967 GC heap after
Heap after GC invocations=13 (full 7):
 def new generation   total 39424K, used 4142K [0x04220000, 0x06ce0000, 0x19770000)
  eden space 35072K,   0% used [0x04220000, 0x04220000, 0x06460000)
  from space 4352K,  95% used [0x068a0000, 0x06cab8f8, 0x06ce0000)
  to   space 4352K,   0% used [0x06460000, 0x06460000, 0x068a0000)
 tenured generation   total 87424K, used 47249K [0x19770000, 0x1ecd0000, 0x44220000)
   the space 87424K,  54% used [0x19770000, 0x1c594780, 0x1c594800, 0x1ecd0000)
 compacting perm gen  total 41984K, used 41767K [0x44220000, 0x46b20000, 0x54220000)
   the space 41984K,  99% used [0x44220000, 0x46ae9d90, 0x46ae9e00, 0x46b20000)
No shared spaces configured.
}
Event: 13.083 GC heap before
{Heap before GC invocations=13 (full 7):
 def new generation   total 39424K, used 39214K [0x04220000, 0x06ce0000, 0x19770000)
  eden space 35072K, 100% used [0x04220000, 0x06460000, 0x06460000)
  from space 4352K,  95% used [0x068a0000, 0x06cab8f8, 0x06ce0000)
  to   space 4352K,   0% used [0x06460000, 0x06460000, 0x068a0000)
 tenured generation   total 87424K, used 47249K [0x19770000, 0x1ecd0000, 0x44220000)
   the space 87424K,  54% used [0x19770000, 0x1c594780, 0x1c594800, 0x1ecd0000)
 compacting perm gen  total 42240K, used 42106K [0x44220000, 0x46b60000, 0x54220000)
   the space 42240K,  99% used [0x44220000, 0x46b3e858, 0x46b3ea00, 0x46b60000)
No shared spaces configured.
Event: 13.097 GC heap after
Heap after GC invocations=14 (full 7):
 def new generation   total 39424K, used 4351K [0x04220000, 0x06ce0000, 0x19770000)
  eden space 35072K,   0% used [0x04220000, 0x04220000, 0x06460000)
  from space 4352K,  99% used [0x06460000, 0x0689ffb8, 0x068a0000)
  to   space 4352K,   0% used [0x068a0000, 0x068a0000, 0x06ce0000)
 tenured generation   total 87424K, used 50802K [0x19770000, 0x1ecd0000, 0x44220000)
   the space 87424K,  58% used [0x19770000, 0x1c90c858, 0x1c90ca00, 0x1ecd0000)
 compacting perm gen  total 42240K, used 42106K [0x44220000, 0x46b60000, 0x54220000)
   the space 42240K,  99% used [0x44220000, 0x46b3e858, 0x46b3ea00, 0x46b60000)
No shared spaces configured.
}
Event: 13.388 GC heap before
{Heap before GC invocations=14 (full 7):
 def new generation   total 39424K, used 39423K [0x04220000, 0x06ce0000, 0x19770000)
  eden space 35072K, 100% used [0x04220000, 0x06460000, 0x06460000)
  from space 4352K,  99% used [0x06460000, 0x0689ffb8, 0x068a0000)
  to   space 4352K,   0% used [0x068a0000, 0x068a0000, 0x06ce0000)
 tenured generation   total 87424K, used 50802K [0x19770000, 0x1ecd0000, 0x44220000)
   the space 87424K,  58% used [0x19770000, 0x1c90c858, 0x1c90ca00, 0x1ecd0000)
 compacting perm gen  total 43264K, used 43140K [0x44220000, 0x46c60000, 0x54220000)
   the space 43264K,  99% used [0x44220000, 0x46c410e8, 0x46c41200, 0x46c60000)
No shared spaces configured.
Event: 13.410 GC heap after
Heap after GC invocations=15 (full 7):
 def new generation   total 39424K, used 4352K [0x04220000, 0x06ce0000, 0x19770000)
  eden space 35072K,   0% used [0x04220000, 0x04220000, 0x06460000)
  from space 4352K, 100% used [0x068a0000, 0x06ce0000, 0x06ce0000)
  to   space 4352K,   0% used [0x06460000, 0x06460000, 0x068a0000)
 tenured generation   total 87424K, used 55216K [0x19770000, 0x1ecd0000, 0x44220000)
   the space 87424K,  63% used [0x19770000, 0x1cd5c330, 0x1cd5c400, 0x1ecd0000)
 compacting perm gen  total 43264K, used 43140K [0x44220000, 0x46c60000, 0x54220000)
   the space 43264K,  99% used [0x44220000, 0x46c410e8, 0x46c41200, 0x46c60000)
No shared spaces configured.
}
Event: 13.607 GC heap before
{Heap before GC invocations=15 (full 7):
 def new generation   total 39424K, used 39424K [0x04220000, 0x06ce0000, 0x19770000)
  eden space 35072K, 100% used [0x04220000, 0x06460000, 0x06460000)
  from space 4352K, 100% used [0x068a0000, 0x06ce0000, 0x06ce0000)
  to   space 4352K,   0% used [0x06460000, 0x06460000, 0x068a0000)
 tenured generation   total 87424K, used 55216K [0x19770000, 0x1ecd0000, 0x44220000)
   the space 87424K,  63% used [0x19770000, 0x1cd5c330, 0x1cd5c400, 0x1ecd0000)
 compacting perm gen  total 43264K, used 43251K [0x44220000, 0x46c60000, 0x54220000)
   the space 43264K,  99% used [0x44220000, 0x46c5cc40, 0x46c5ce00, 0x46c60000)
No shared spaces configured.
Event: 13.628 GC heap after
Heap after GC invocations=16 (full 7):
 def new generation   total 39424K, used 3799K [0x04220000, 0x06ce0000, 0x19770000)
  eden space 35072K,   0% used [0x04220000, 0x04220000, 0x06460000)
  from space 4352K,  87% used [0x06460000, 0x06815c10, 0x068a0000)
  to   space 4352K,   0% used [0x068a0000, 0x068a0000, 0x06ce0000)
 tenured generation   total 87424K, used 58906K [0x19770000, 0x1ecd0000, 0x44220000)
   the space 87424K,  67% used [0x19770000, 0x1d0f69e8, 0x1d0f6a00, 0x1ecd0000)
 compacting perm gen  total 43264K, used 43251K [0x44220000, 0x46c60000, 0x54220000)
   the space 43264K,  99% used [0x44220000, 0x46c5cc40, 0x46c5ce00, 0x46c60000)
No shared spaces configured.
}
Event: 13.814 GC heap before
{Heap before GC invocations=16 (full 7):
 def new generation   total 39424K, used 38871K [0x04220000, 0x06ce0000, 0x19770000)
  eden space 35072K, 100% used [0x04220000, 0x06460000, 0x06460000)
  from space 4352K,  87% used [0x06460000, 0x06815c10, 0x068a0000)
  to   space 4352K,   0% used [0x068a0000, 0x068a0000, 0x06ce0000)
 tenured generation   total 87424K, used 58906K [0x19770000, 0x1ecd0000, 0x44220000)
   the space 87424K,  67% used [0x19770000, 0x1d0f69e8, 0x1d0f6a00, 0x1ecd0000)
 compacting perm gen  total 43776K, used 43708K [0x44220000, 0x46ce0000, 0x54220000)
   the space 43776K,  99% used [0x44220000, 0x46ccf320, 0x46ccf400, 0x46ce0000)
No shared spaces configured.
Event: 13.841 GC heap after
Heap after GC invocations=17 (full 7):
 def new generation   total 39424K, used 3975K [0x04220000, 0x06ce0000, 0x19770000)
  eden space 35072K,   0% used [0x04220000, 0x04220000, 0x06460000)
  from space 4352K,  91% used [0x068a0000, 0x06c81e18, 0x06ce0000)
  to   space 4352K,   0% used [0x06460000, 0x06460000, 0x068a0000)
 tenured generation   total 87424K, used 62392K [0x19770000, 0x1ecd0000, 0x44220000)
   the space 87424K,  71% used [0x19770000, 0x1d45e360, 0x1d45e400, 0x1ecd0000)
 compacting perm gen  total 43776K, used 43708K [0x44220000, 0x46ce0000, 0x54220000)
   the space 43776K,  99% used [0x44220000, 0x46ccf320, 0x46ccf400, 0x46ce0000)
No shared spaces configured.
}

